<?xml version="1.0" encoding="UTF-8"?>
<!-- Generated by org.testng.reporters.JUnitXMLReporter -->
<testsuite ignored="0" hostname="Vivek" failures="1" tests="1" name="Test(failed)" time="15.167" errors="0" timestamp="2024-08-16T17:47:43 IST">
  <testcase classname="testCase.TC002_verifyLogin" name="verifyLogin" time="10.124">
    <failure type="java.lang.AssertionError" message="null">
      <![CDATA[java.lang.AssertionError: null
at testCase.TC002_verifyLogin.verifyLogin(TC002_verifyLogin.java:44)
at java.base/java.util.ArrayList.forEach(ArrayList.java:1596)
... Removed 27 stack frames]]>
    </failure>
  </testcase> <!-- verifyLogin -->
</testsuite> <!-- Test(failed) -->
